{"level":"info","message":"Using dev environment settings","timestamp":"2015-10-20T20:53:21.226Z"}
{"level":"info","message":"Debug mode is ON","timestamp":"2015-10-20T20:53:21.226Z"}
{"level":"info","message":"Configuring middlewares","timestamp":"2015-10-20T20:53:21.465Z"}
{"level":"info","message":"Configuring routes","timestamp":"2015-10-20T20:53:21.465Z"}
{"level":"info","message":"Cover Academy server is listening on port 3000","timestamp":"2015-10-20T20:53:21.783Z"}
{"level":"info","message":"Using dev environment settings","timestamp":"2015-10-20T21:15:58.532Z"}
{"level":"info","message":"Debug mode is ON","timestamp":"2015-10-20T21:15:58.533Z"}
{"level":"info","message":"Configuring middlewares","timestamp":"2015-10-20T21:15:58.758Z"}
{"level":"info","message":"Configuring routes","timestamp":"2015-10-20T21:15:58.759Z"}
{"level":"info","message":"Cover Academy server is listening on port 3000","timestamp":"2015-10-20T21:15:58.921Z"}
{"level":"info","message":"Using dev environment settings","timestamp":"2015-10-20T21:17:34.787Z"}
{"level":"info","message":"Debug mode is ON","timestamp":"2015-10-20T21:17:34.788Z"}
{"level":"info","message":"Configuring middlewares","timestamp":"2015-10-20T21:17:35.018Z"}
{"level":"info","message":"Configuring routes","timestamp":"2015-10-20T21:17:35.018Z"}
{"level":"info","message":"Cover Academy server is listening on port 3000","timestamp":"2015-10-20T21:17:35.180Z"}
{"level":"info","message":"Using dev environment settings","timestamp":"2015-10-20T21:26:46.179Z"}
{"level":"info","message":"Debug mode is ON","timestamp":"2015-10-20T21:26:46.180Z"}
{"level":"info","message":"Configuring middlewares","timestamp":"2015-10-20T21:26:46.430Z"}
{"level":"info","message":"Configuring routes","timestamp":"2015-10-20T21:26:46.431Z"}
{"level":"info","message":"Cover Academy server is listening on port 3000","timestamp":"2015-10-20T21:26:46.605Z"}
