0 info it worked if it ends with ok
1 verbose cli [ '/home/sandro/tools/node/bin/node',
1 verbose cli   '/home/sandro/tools/node/bin/npm',
1 verbose cli   'install' ]
2 info using npm@1.4.23
3 info using node@v0.10.31
4 verbose node symlink /home/sandro/tools/node/bin/node
5 verbose readDependencies using package.json deps
6 verbose install where, deps [ '/home/sandro/coveracademy-api',
6 verbose install   [ 'bluebird',
6 verbose install     'body-parser',
6 verbose install     'bookshelf',
6 verbose install     'bookshelf-filteration',
6 verbose install     'cookie-parser',
6 verbose install     'deasync',
6 verbose install     'express',
6 verbose install     'hiredis',
6 verbose install     'json.date-extensions',
6 verbose install     'juice',
6 verbose install     'jwt-redis-session',
6 verbose install     'knex',
6 verbose install     'lodash',
6 verbose install     'mailgun-js',
6 verbose install     'mkdirp',
6 verbose install     'moment',
6 verbose install     'moment-timezone',
6 verbose install     'morgan',
6 verbose install     'mysql',
6 verbose install     'newrelic',
6 verbose install     'nunjucks',
6 verbose install     'pmx',
6 verbose install     'promise-redis',
6 verbose install     'properties',
6 verbose install     'redis',
6 verbose install     'restify',
6 verbose install     'rimraf',
6 verbose install     'shortid',
6 verbose install     'socket.io',
6 verbose install     'winston',
6 verbose install     'chai',
6 verbose install     'mocha',
6 verbose install     'socket.io-client' ] ]
7 info preinstall coveracademy-api@0.0.1
8 verbose readDependencies using package.json deps
9 verbose already installed skipping cookie-parser@1.4.0 /home/sandro/coveracademy-api
10 verbose already installed skipping deasync@0.1.2 /home/sandro/coveracademy-api
11 verbose already installed skipping express@4.13.3 /home/sandro/coveracademy-api
12 verbose cache add [ 'hiredis@0.13.3', null ]
13 verbose cache add name=undefined spec="hiredis@0.13.3" args=["hiredis@0.13.3",null]
14 verbose parsed url { protocol: null,
14 verbose parsed url   slashes: null,
14 verbose parsed url   auth: null,
14 verbose parsed url   host: null,
14 verbose parsed url   port: null,
14 verbose parsed url   hostname: null,
14 verbose parsed url   hash: null,
14 verbose parsed url   search: null,
14 verbose parsed url   query: null,
14 verbose parsed url   pathname: 'hiredis@0.13.3',
14 verbose parsed url   path: 'hiredis@0.13.3',
14 verbose parsed url   href: 'hiredis@0.13.3' }
15 verbose already installed skipping json.date-extensions@1.2.2 /home/sandro/coveracademy-api
16 verbose cache add name="hiredis" spec="0.13.3" args=["hiredis","0.13.3"]
17 verbose parsed url { protocol: null,
17 verbose parsed url   slashes: null,
17 verbose parsed url   auth: null,
17 verbose parsed url   host: null,
17 verbose parsed url   port: null,
17 verbose parsed url   hostname: null,
17 verbose parsed url   hash: null,
17 verbose parsed url   search: null,
17 verbose parsed url   query: null,
17 verbose parsed url   pathname: '0.13.3',
17 verbose parsed url   path: '0.13.3',
17 verbose parsed url   href: '0.13.3' }
18 verbose addNamed [ 'hiredis', '0.13.3' ]
19 verbose addNamed [ '0.13.3', '0.13.3' ]
20 verbose already installed skipping juice@1.5.1 /home/sandro/coveracademy-api
21 silly lockFile 1a51b099-hiredis-0-13-3 hiredis@0.13.3
22 verbose lock hiredis@0.13.3 /home/sandro/.npm/1a51b099-hiredis-0-13-3.lock
23 verbose already installed skipping jwt-redis-session@1.0.2 /home/sandro/coveracademy-api
24 verbose already installed skipping knex@0.8.6 /home/sandro/coveracademy-api
25 verbose request where is /hiredis
26 verbose request registry https://registry.npmjs.org/
27 verbose request id 023daca3742ac650
28 verbose url raw /hiredis
29 verbose url resolving [ 'https://registry.npmjs.org/', './hiredis' ]
30 verbose url resolved https://registry.npmjs.org/hiredis
31 verbose request where is https://registry.npmjs.org/hiredis
32 info trying registry request attempt 1 at 18:36:49
33 verbose etag "DZ9Y9UR1ZE0XKKCEZ8I6EYVOB"
34 http GET https://registry.npmjs.org/hiredis
35 verbose already installed skipping lodash@3.10.1 /home/sandro/coveracademy-api
36 verbose already installed skipping mailgun-js@0.7.1 /home/sandro/coveracademy-api
37 verbose already installed skipping mkdirp@0.5.1 /home/sandro/coveracademy-api
38 verbose already installed skipping moment@2.10.6 /home/sandro/coveracademy-api
39 verbose already installed skipping moment-timezone@0.4.0 /home/sandro/coveracademy-api
40 verbose already installed skipping morgan@1.6.1 /home/sandro/coveracademy-api
41 verbose already installed skipping mysql@2.9.0 /home/sandro/coveracademy-api
42 verbose already installed skipping newrelic@1.22.1 /home/sandro/coveracademy-api
43 verbose already installed skipping nunjucks@2.1.0 /home/sandro/coveracademy-api
44 verbose already installed skipping pmx@0.5.5 /home/sandro/coveracademy-api
45 verbose already installed skipping promise-redis@0.0.1 /home/sandro/coveracademy-api
46 verbose already installed skipping properties@1.2.1 /home/sandro/coveracademy-api
47 verbose already installed skipping redis@2.1.0 /home/sandro/coveracademy-api
48 verbose already installed skipping restify@4.0.3 /home/sandro/coveracademy-api
49 verbose already installed skipping rimraf@2.4.3 /home/sandro/coveracademy-api
50 verbose already installed skipping shortid@2.2.2 /home/sandro/coveracademy-api
51 verbose already installed skipping socket.io@1.3.7 /home/sandro/coveracademy-api
52 verbose already installed skipping winston@1.0.2 /home/sandro/coveracademy-api
53 verbose already installed skipping chai@3.3.0 /home/sandro/coveracademy-api
54 verbose already installed skipping mocha@2.3.3 /home/sandro/coveracademy-api
55 verbose already installed skipping socket.io-client@1.3.7 /home/sandro/coveracademy-api
56 verbose already installed skipping bluebird@2.10.2 /home/sandro/coveracademy-api
57 verbose already installed skipping body-parser@1.14.1 /home/sandro/coveracademy-api
58 verbose already installed skipping bookshelf@0.8.2 /home/sandro/coveracademy-api
59 verbose already installed skipping bookshelf-filteration@0.1.7 /home/sandro/coveracademy-api
60 http 304 https://registry.npmjs.org/hiredis
61 silly registry.get cb [ 304,
61 silly registry.get   { date: 'Tue, 20 Oct 2015 21:36:54 GMT',
61 silly registry.get     via: '1.1 varnish',
61 silly registry.get     'cache-control': 'max-age=60',
61 silly registry.get     etag: '"DZ9Y9UR1ZE0XKKCEZ8I6EYVOB"',
61 silly registry.get     age: '58',
61 silly registry.get     connection: 'keep-alive',
61 silly registry.get     'x-served-by': 'cache-atl6235-ATL',
61 silly registry.get     'x-cache': 'HIT',
61 silly registry.get     'x-cache-hits': '1',
61 silly registry.get     'x-timer': 'S1445377014.323282,VS0,VE0',
61 silly registry.get     vary: 'Accept' } ]
62 verbose etag https://registry.npmjs.org/hiredis from cache
63 silly lockFile 1a51b099-hiredis-0-13-3 hiredis@0.13.3
64 silly lockFile 1a51b099-hiredis-0-13-3 hiredis@0.13.3
65 error Error: version not found: hiredis@0.13.3
65 error     at /home/sandro/tools/node-v0.10.31-linux-x64/lib/node_modules/npm/lib/cache/add-named.js:125:12
65 error     at saved (/home/sandro/tools/node-v0.10.31-linux-x64/lib/node_modules/npm/node_modules/npm-registry-client/lib/get.js:167:7)
65 error     at Object.oncomplete (fs.js:107:15)
66 error If you need help, you may report this *entire* log,
66 error including the npm and node versions, at:
66 error     <http://github.com/npm/npm/issues>
67 error System Linux 3.13.0-65-generic
68 error command "/home/sandro/tools/node/bin/node" "/home/sandro/tools/node/bin/npm" "install"
69 error cwd /home/sandro/coveracademy-api
70 error node -v v0.10.31
71 error npm -v 1.4.23
72 verbose exit [ 1, true ]
